Line 23: Class CRVIEWER9LibCtl.CRViewer9 of control CRViewer was not a loaded control class.
Line 29: The property name lastProp in CRViewer is invalid.
Line 30: The property name _cx in CRViewer is invalid.
Line 31: The property name _cy in CRViewer is invalid.
Line 32: The property name DisplayGroupTree in CRViewer is invalid.
Line 33: The property name DisplayToolbar in CRViewer is invalid.
Line 34: The property name EnableGroupTree in CRViewer is invalid.
Line 35: The property name EnableNavigationControls in CRViewer is invalid.
Line 36: The property name EnableStopButton in CRViewer is invalid.
Line 37: The property name EnablePrintButton in CRViewer is invalid.
Line 38: The property name EnableZoomControl in CRViewer is invalid.
Line 39: The property name EnableCloseButton in CRViewer is invalid.
Line 40: The property name EnableProgressControl in CRViewer is invalid.
Line 41: The property name EnableSearchControl in CRViewer is invalid.
Line 42: The property name EnableRefreshButton in CRViewer is invalid.
Line 43: The property name EnableDrillDown in CRViewer is invalid.
Line 44: The property name EnableAnimationControl in CRViewer is invalid.
Line 45: The property name EnableSelectExpertButton in CRViewer is invalid.
Line 46: The property name EnableToolbar in CRViewer is invalid.
Line 47: The property name DisplayBorder in CRViewer is invalid.
Line 48: The property name DisplayTabs in CRViewer is invalid.
Line 49: The property name DisplayBackgroundEdge in CRViewer is invalid.
Line 50: The property name SelectionFormula in CRViewer is invalid.
Line 51: The property name EnablePopupMenu in CRViewer is invalid.
Line 52: The property name EnableExportButton in CRViewer is invalid.
Line 53: The property name EnableSearchExpertButton in CRViewer is invalid.
Line 54: The property name EnableHelpButton in CRViewer is invalid.
Line 55: The property name LaunchHTTPHyperlinksInNewBrowser in CRViewer is invalid.
